Determining if the pthread_create exist failed with the following output:
Change Dir: /home/elisabeth/catkin_ws/src/ROS_Packages/my_msgs/build/CMakeFiles/CMakeTmp

Run Build Command:"/usr/bin/make" "cmTC_56799/fast"
/usr/bin/make -f CMakeFiles/cmTC_56799.dir/build.make CMakeFiles/cmTC_56799.dir/build
make[1]: Verzeichnis „/home/elisabeth/catkin_ws/src/ROS_Packages/my_msgs/build/CMakeFiles/CMakeTmp“ wird betreten
Building C object CMakeFiles/cmTC_56799.dir/CheckSymbolExists.c.o
/usr/bin/cc    -o CMakeFiles/cmTC_56799.dir/CheckSymbolExists.c.o   -c /home/elisabeth/catkin_ws/src/ROS_Packages/my_msgs/build/CMakeFiles/CMakeTmp/CheckSymbolExists.c
Linking C executable cmTC_56799
/usr/bin/cmake -E cmake_link_script CMakeFiles/cmTC_56799.dir/link.txt --verbose=1
/usr/bin/cc      -rdynamic CMakeFiles/cmTC_56799.dir/CheckSymbolExists.c.o  -o cmTC_56799 
CMakeFiles/cmTC_56799.dir/CheckSymbolExists.c.o: In Funktion »main«:
CheckSymbolExists.c:(.text+0x1b): Warnung: undefinierter Verweis auf »pthread_create«
collect2: error: ld returned 1 exit status
CMakeFiles/cmTC_56799.dir/build.make:97: recipe for target 'cmTC_56799' failed
make[1]: *** [cmTC_56799] Error 1
make[1]: Verzeichnis „/home/elisabeth/catkin_ws/src/ROS_Packages/my_msgs/build/CMakeFiles/CMakeTmp“ wird verlassen
Makefile:126: recipe for target 'cmTC_56799/fast' failed
make: *** [cmTC_56799/fast] Error 2

File /home/elisabeth/catkin_ws/src/ROS_Packages/my_msgs/build/CMakeFiles/CMakeTmp/CheckSymbolExists.c:
/* */
#include <pthread.h>

int main(int argc, char** argv)
{
  (void)argv;
#ifndef pthread_create
  return ((int*)(&pthread_create))[argc];
#else
  (void)argc;
  return 0;
#endif
}

Determining if the function pthread_create exists in the pthreads failed with the following output:
Change Dir: /home/elisabeth/catkin_ws/src/ROS_Packages/my_msgs/build/CMakeFiles/CMakeTmp

Run Build Command:"/usr/bin/make" "cmTC_2612a/fast"
/usr/bin/make -f CMakeFiles/cmTC_2612a.dir/build.make CMakeFiles/cmTC_2612a.dir/build
make[1]: Verzeichnis „/home/elisabeth/catkin_ws/src/ROS_Packages/my_msgs/build/CMakeFiles/CMakeTmp“ wird betreten
Building C object CMakeFiles/cmTC_2612a.dir/CheckFunctionExists.c.o
/usr/bin/cc   -DCHECK_FUNCTION_EXISTS=pthread_create   -o CMakeFiles/cmTC_2612a.dir/CheckFunctionExists.c.o   -c /usr/share/cmake-3.10/Modules/CheckFunctionExists.c
Linking C executable cmTC_2612a
/usr/bin/cmake -E cmake_link_script CMakeFiles/cmTC_2612a.dir/link.txt --verbose=1
/usr/bin/cc  -DCHECK_FUNCTION_EXISTS=pthread_create    -rdynamic CMakeFiles/cmTC_2612a.dir/CheckFunctionExists.c.o  -o cmTC_2612a -lpthreads 
/usr/bin/ld: -lpthreads kann nicht gefunden werden
collect2: error: ld returned 1 exit status
CMakeFiles/cmTC_2612a.dir/build.make:97: recipe for target 'cmTC_2612a' failed
make[1]: *** [cmTC_2612a] Error 1
make[1]: Verzeichnis „/home/elisabeth/catkin_ws/src/ROS_Packages/my_msgs/build/CMakeFiles/CMakeTmp“ wird verlassen
Makefile:126: recipe for target 'cmTC_2612a/fast' failed
make: *** [cmTC_2612a/fast] Error 2


